[debug] [2025-07-16T08:09:18.503Z] ----------------------------------------------------------------------
[debug] [2025-07-16T08:09:18.508Z] Command:       /usr/local/Cellar/node/23.11.0/bin/node /Users/frenzynwoba/.npm-global/bin/firebase deploy
[debug] [2025-07-16T08:09:18.509Z] CLI Version:   13.29.3
[debug] [2025-07-16T08:09:18.509Z] Platform:      darwin
[debug] [2025-07-16T08:09:18.509Z] Node Version:  v23.11.0
[debug] [2025-07-16T08:09:18.510Z] Time:          Wed Jul 16 2025 09:09:18 GMT+0100 (West Africa Standard Time)
[debug] [2025-07-16T08:09:18.510Z] ----------------------------------------------------------------------
[debug] 
[debug] [2025-07-16T08:09:18.820Z] > command requires scopes: ["email","openid","https://www.googleapis.com/auth/cloudplatformprojects.readonly","https://www.googleapis.com/auth/firebase","https://www.googleapis.com/auth/cloud-platform"]
[debug] [2025-07-16T08:09:18.821Z] > authorizing via signed-in user (landtower.ltd@gmail.com)
[debug] [2025-07-16T08:09:18.821Z] [iam] checking project landtowerlimited for permissions ["firebase.projects.get","firebasehosting.sites.update"]
[debug] [2025-07-16T08:09:18.823Z] Checked if tokens are valid: true, expires at: 1752656897902
[debug] [2025-07-16T08:09:18.823Z] Checked if tokens are valid: true, expires at: 1752656897902
[debug] [2025-07-16T08:09:18.824Z] >>> [apiv2][query] POST https://cloudresourcemanager.googleapis.com/v1/projects/landtowerlimited:testIamPermissions [none]
[debug] [2025-07-16T08:09:18.824Z] >>> [apiv2][(partial)header] POST https://cloudresourcemanager.googleapis.com/v1/projects/landtowerlimited:testIamPermissions x-goog-quota-user=projects/landtowerlimited
[debug] [2025-07-16T08:09:18.824Z] >>> [apiv2][body] POST https://cloudresourcemanager.googleapis.com/v1/projects/landtowerlimited:testIamPermissions {"permissions":["firebase.projects.get","firebasehosting.sites.update"]}
[debug] [2025-07-16T08:09:20.129Z] <<< [apiv2][status] POST https://cloudresourcemanager.googleapis.com/v1/projects/landtowerlimited:testIamPermissions 200
[debug] [2025-07-16T08:09:20.130Z] <<< [apiv2][body] POST https://cloudresourcemanager.googleapis.com/v1/projects/landtowerlimited:testIamPermissions {"permissions":["firebase.projects.get","firebasehosting.sites.update"]}
[debug] [2025-07-16T08:09:20.130Z] Checked if tokens are valid: true, expires at: 1752656897902
[debug] [2025-07-16T08:09:20.131Z] Checked if tokens are valid: true, expires at: 1752656897902
[debug] [2025-07-16T08:09:20.131Z] >>> [apiv2][query] GET https://firebase.googleapis.com/v1beta1/projects/landtowerlimited [none]
[debug] [2025-07-16T08:09:21.092Z] <<< [apiv2][status] GET https://firebase.googleapis.com/v1beta1/projects/landtowerlimited 200
[debug] [2025-07-16T08:09:21.092Z] <<< [apiv2][body] GET https://firebase.googleapis.com/v1beta1/projects/landtowerlimited {"projectId":"landtowerlimited","projectNumber":"1080457923131","displayName":"LandTowerLimited","name":"projects/landtowerlimited","resources":{"hostingSite":"landtowerlimited"},"state":"ACTIVE","etag":"1_a8521e80-b510-43e2-9992-48078d139a49"}
[info] 
[info] === Deploying to 'landtowerlimited'...
[info] 
[info] i  deploying hosting 
[debug] [2025-07-16T08:09:21.112Z] Checked if tokens are valid: true, expires at: 1752656897902
[debug] [2025-07-16T08:09:21.112Z] Checked if tokens are valid: true, expires at: 1752656897902
[debug] [2025-07-16T08:09:21.112Z] >>> [apiv2][query] POST https://firebasehosting.googleapis.com/v1beta1/projects/-/sites/landtowerlimited/versions [none]
[debug] [2025-07-16T08:09:21.112Z] >>> [apiv2][body] POST https://firebasehosting.googleapis.com/v1beta1/projects/-/sites/landtowerlimited/versions {"status":"CREATED","labels":{"deployment-tool":"cli-firebase"}}
[debug] [2025-07-16T08:09:23.724Z] <<< [apiv2][status] POST https://firebasehosting.googleapis.com/v1beta1/projects/-/sites/landtowerlimited/versions 200
[debug] [2025-07-16T08:09:23.725Z] <<< [apiv2][body] POST https://firebasehosting.googleapis.com/v1beta1/projects/-/sites/landtowerlimited/versions {"name":"projects/1080457923131/sites/landtowerlimited/versions/088b2f159ff212f9","status":"CREATED","config":{},"labels":{"deployment-tool":"cli-firebase"}}
[info] i  hosting[landtowerlimited]: beginning deploy... 
[info] i  hosting[landtowerlimited]: found 131 files in build 
[debug] [2025-07-16T08:09:23.785Z] [hosting] uploading with 200 concurrency
[debug] [2025-07-16T08:09:25.600Z] Checked if tokens are valid: true, expires at: 1752656897902
[debug] [2025-07-16T08:09:25.601Z] Checked if tokens are valid: true, expires at: 1752656897902
[debug] [2025-07-16T08:09:25.614Z] [hosting] hash cache [YnVpbGQ] stored for 131 files
[debug] [2025-07-16T08:09:25.615Z] [hosting][hash queue][FINAL] {"max":1779,"min":85,"avg":361.7022900763359,"active":0,"complete":131,"success":131,"errored":0,"retried":0,"total":131,"elapsed":1816}
[debug] [2025-07-16T08:09:25.616Z] >>> [apiv2][query] POST https://firebasehosting.googleapis.com/v1beta1/projects/1080457923131/sites/landtowerlimited/versions/088b2f159ff212f9:populateFiles [none]
[debug] [2025-07-16T08:09:25.616Z] >>> [apiv2][body] POST https://firebasehosting.googleapis.com/v1beta1/projects/1080457923131/sites/landtowerlimited/versions/088b2f159ff212f9:populateFiles {"files":{"/service-worker.js.LICENSE.txt":"5bcf7ad56e14554ea655f13f3a79ddf6fb23a153bf6028e5bfea9a7a6cd9154d","/robots.txt":"f2ceabc6a5af9195f57fba6395bc78d5b6e067f1a5d83100f3cdbb8b73abb0bd","/index.html":"b0a5d404048d03eec73fd99d60336ba498fa7b105d7984c6914b78042fc4a8c1","/asset-manifest.json":"32f8ddf0fb1608becbc22d936591c308b279dd0ce9bb525d9a53c375f66d411d","/manifest.json":"d8c2153089637cab8b3b5ebabeb96714002ce6ecee544fbe26b94cc38169f324","/favicon.ico":"f53fbbeb5172b6f33b6f0beb7bdb0d3c4029362b62da00a6be98daf2dd1d60c7","/static/media/timeIcon.682b7b6f7790dec5f66bec00ec14031d.svg":"95427be18e3b30e0d503c57cb9f1602a919cd51a91a569e5ef03119e221a450d","/static/media/twitterIcon.dbbf881993449754b62739fafbfd2684.svg":"5bda9d237f4d1e76772d924578e0a7b9114af63f576d688ab2070f7b29d70d99","/static/media/wichtechRoofing.d3b7760fd70b76fae6c5.png":"38a72d32790a52b89fb51e6ef7e70d32b7089c3c5dc54fd6781ce0ffa0d7ee05","/static/media/strength-icon.279e50da06b2fb9bab7409cc7d6b2928.svg":"a276b195637327f88e00419c48b8dfe08cb47329301f32111f8bfaf7c60118bd","/static/media/skyscrapperIcon.33804a8377547c41441f3aefef6e625c.svg":"e84f50ea46d80506a65fdc8ffb9064e09137faab904d0f119bb02241b106207c","/static/media/mobilePhoneIconBlack.c06bddcf6d68955a63d387d9a4c6bdd6.svg":"9c1cc2b482eeb26585b4c4d080ed9dc981e0556518112896d53af9f6e6a5dd79","/static/media/menuBarBlack.4453a2f3d240e3a576381cf2d8093023.svg":"ec4c00e37f42c3a55abf503215d755f9aa8f34053e9ed477715ac55a9f514246","/static/media/mobilePhoneIcon.80443ef2edb9acb56c95080aaa7fd390.svg":"02e6eaa67f5e2fa5abaab7f6c04e9a7dbe328fff1ff30d3219370300c594d2e1","/static/media/mapIcon.f04e76339b6f423a08ec1bf715c1153f.svg":"17de2c115ea9c3b6583e184549878b121a54e5ccf8de7d62c3ca6da29ba473a8","/static/media/menuBar.4af7ee80fa2d1b21b1c3a76a713cb7c6.svg":"9678666c77601e634ef460b46aad6157565252323e3e7046d17bdcfeb1828ab1","/static/media/phoneOfficeIcon.5f709a93766b57ceb26ade6bd61a22cf.svg":"486db2b5c3d9fa20c9f0e19fbac81d079d8357a411dd588b77378e9713eeac1a","/static/media/previousIcon.697b46d1b47a10190ef002d6b18c2492.svg":"38ff77a7a75ef222ab4afa6c0a449918834739b30b86791664394cedeaef0ae4","/static/media/transparency-icon.9a41b7a643045850f08f62b2c9838a97.svg":"70816a2b9619ea7102a778bb73d84397aa6f3281491bdd79f597594be15c2176","/static/media/locationIcon.36ba5e3f341265515999941c0aca3aa3.svg":"466ba53ac6d8a23bfd4c7adc02742df19959f64caa8147710969ade07cfab16d","/static/media/linkedinIcon.0d3e3359e0b1f40646aa4fe05ffeaf66.svg":"234ff4fa00c1c480d2637b76c437d31f02bb065fd55b1c44793ec054240e5c27","/static/media/loadingIcon.ce578fdb62b0564b11613b13d1c49531.svg":"d8f15e9e04c293104a8c1fb92f144adeccaeb8f0ad7bcd20a0fafde0073d83f5","/static/media/nextIcon.fbf4f82ddaca5e92403924f6a28f1050.svg":"661b867172572fccc3af2098560ab18be6c9bbcc944df23ef155ff9134036432","/service-worker.js":"4bf9489aeb315d16408b9d3c227d4799298d06b5e092bc55a7248c1813eb71ff","/static/media/landTowerLogo.1170d758f56b44efced17cee7fcb31b1.svg":"e672895db50b625a6f88dd61e1c0deeca75e5e6c60676f12090cebb67de073f0","/static/media/keyIcon.e0239dda541e7f6b27413adef5654894.svg":"42f32566cd3cc9b77cc5c724dbabcd41ff078ff0f82ed56d210b6f7728d1e550","/static/media/instagramIcon.99ada32af4964a4faa34814d215f8b62.svg":"3efd643c64132641e554399a66eb07fbe48ffe8195b69abe000e37ed811731ce","/static/media/housePlanIcon.0e70c3653f9d9aa1d556ec5f83cace59.svg":"4730b563425745ca995851cc91f05d23396b33aa1caf343169a35190bd9f1d60","/static/media/honesty-icon.6e410876ec25f97a9935d514508627db.svg":"969b85e99a272eb60c17c091053c6c46a602fcb59a4c7c99a838b7013e192c06","/static/media/facebookIcon.643a96584c0402dcfbdba90eb5733a83.svg":"2a6cd34590a1e72fa72772ca9378fa2d3fe19afdff7e95f33e329e712f7595c0","/static/media/cancelIconBig.63096ef4de68056f3b1b266d97b353a6.svg":"42c9566d5a567d3c76452e2cbafae7cedcbe58e02a6f8dfbc3bb40a6d66e006f","/static/media/craneIconGold.1db36b3f8c34d3dfbf2f35ba67a425c8.svg":"4fcd61727f907bec00041b3cc2cc4f5311fe21c365149410197dd679b2ebcb53","/static/media/cancelIcon.a86b19105d69c2b75b85e9dda61b79da.svg":"f58a42326390455e906e0ab274b9a393b30ea5e075b5b7bbb7bea1519a6fa726","/static/media/arrowRightWhite.abd712003861c680d44cd903519a604a.svg":"dba3af28dfe78826aaae00e6f5f6ab2ab94fdde559d895e6410c27c003981691","/static/media/arrowRightBlack.2152337921ec0db575aeb2ff9abffdbf.svg":"1b129ac2a0f38cad6009dc0172e3268b903f689592e7724eb228f82bba2f232f","/static/media/dangote.406b7fed6634d80ffd0e.png":"86555f85585aeb5049f65e294102dfb740d0d424da6f8e979871405ebf788a79","/static/media/houseListingIcon.357620c636123debbf8805e2567fa0dd.svg":"d723e2c8c3effcfe47f38abaa0da1c2b62e32dcee4580d0adc5b39aaf3ceb6a9","/static/js/main.44b56801.js.LICENSE.txt":"2e0317bf47c29fb7d0485a53b66ae8cb58c98d0cbaf239efac64dd310dfdabda","/static/media/ltl-team-page-Image4.ccf1c53f383e1d8ebdaf.jpeg":"54a8602c0f5da1abdf406a312bc67e7e01af92a97b8cec2e93e3813aaf3b1dc8","/static/media/TheFrenzyEmpire-Technology-Software-and-Technology-Development.b70a3c8ce03907ec8d19.png":"2158125f1111e08062e5bd2f4795d728a99a3f0868c3e11db2ab5597b8245aca","/static/media/dulux.aa0b23dabf5429ba12de.png":"9a5451085174c74d8f257efb3e3e2a4765c1f259f45f46108e402590d66cb182","/static/media/ltl-team-page-Image3.d19c8e75cf7b3ed87087.jpeg":"7e954ef5d56aacc14eed72bc9185927fede1c7bda8c1da436d0dcb9356324ad3","/static/media/GeorgiaBold.a5fad24f075c978ac04b.ttf":"4d3e423b6b9b2b0ab7aaa610ff3a8dbc64272dde6a0dda9e2a65a684bbfcc1ab","/static/js/88.c315d4f7.chunk.js.map":"dfaeaa45c6c4e46265c94e14d290fd18b3a3e5bb0aa59b4c7d8619d643ffccb5","/service-worker.js.map":"ae734edd84183a50382b3957cfe7866633e3d92bef17bde5112eb913efbc7cc2","/static/js/84.1569c378.chunk.js.map":"45bffcfa08d76b07b3455aa61e0407e229b823dc5ca934c69091686c13972f7f","/static/js/88.c315d4f7.chunk.js":"4e3692fa4ce27cb80975a748d089e4c8d5434a36751480852bb43bc20728ff2a","/static/js/84.1569c378.chunk.js":"ac5594f8bc4a5365b9e7bd3bf03b20c83eeba8385c0374bdbcab244f035764fb","/static/js/819.d3919156.chunk.js.map":"27075924c0e7cceff7b2cb9538903c5dbed3dbb8224eb55de87454213316f6c6","/static/js/804.03d40c14.chunk.js.map":"c37bfa921913e779c6d0072795dd6a60056290c20d2ba51a460c0a651d3f6e6d","/static/js/804.03d40c14.chunk.js":"79f16e0e32a173dac25b775b2013b8c9a0eaf0603e4ab445ebe0b481bcdddcf8","/static/js/754.a67a2dd9.chunk.js.map":"b34bda2d1f4ae72eb954c27c6c62761cb69fd66e6f91b527f73c304ecea3d0f4","/static/js/754.a67a2dd9.chunk.js":"a26891eea19ef1faade6fd1315c7fc5f0aae70931752bc09456f9dca40e72216","/static/js/787.afac85a3.chunk.js":"75e8b4757a4cb5697948f562ccfd7e562e610d5a7aa1c81449228c2c6902c8a1","/static/js/819.d3919156.chunk.js":"db1d22716779ae004acdc7b3e10af1f1ad99310d2c8d6268da19fee3217b8aa8","/static/js/787.afac85a3.chunk.js.map":"a02f04512fd7d004c70303aa45c0a7d6907316de7ca101cb902fb1ab47011a42","/static/media/ltl-team-page-Image1.c9d8a9e9d640218548f4.jpeg":"fd5e16e8e9c40b8ec5a2a46b86edad9a1186f11cdde68c275ff5171b0349afdb","/static/media/GraphikRegular.329746577f94a4f1785e.otf":"26c47d4d2679589a7d5d3777ecad062269b02225326626ca8a805f0e18af20de","/static/js/691.aeafc810.chunk.js.map":"cd09424a17ab927c6e368b13abec4e1dbffa8a6b5f3b74dd81d33a662f626056","/static/media/ltl-team-page-Image2.b63b6d894f55dffe30e6.jpeg":"a11c6c4cfbb1f0f9022afea0ec50966ddf19106470eb6fa1650570c870e6e2ba","/static/media/GraphikSemibold.7ef1e78abcb43e957eec.otf":"c9f8766fcdf99cf6c2f5ad4d7b2f92dc644cfc821ba66bfe800c74939ed2569d","/static/media/GraphikMedium.f58d53eb72d7239d4ca8.otf":"b8840928908fcbbab95612755d2b42cd8d74af760f39fba805c7c4076b97b5cb","/static/js/691.aeafc810.chunk.js":"afa284ab5a341efd1aa518d81541e2faf80a7137f2051f22a385331ddc31b1ab","/static/media/GraphikLight.532fcbe7294b886ec93d.otf":"3aa4cb257cde0328c1372131ca9522365031d6dac1a3d448dbfd67811ee22f61","/static/js/614.4a618317.chunk.js.map":"8e814b580d223118d5d3811bce11ffbbf623ee44264a85e0e2959036fdad4f0a","/static/js/614.4a618317.chunk.js":"7d8356c79f88b51ec3a5fed6350c482f5a05cd2aaf9637d472f3aa9e38893864","/static/js/main.44b56801.js":"82a181beeec938980c692934c779cbb77b430c6e97effc9dc286e3fbfb586257","/static/js/555.d3890486.chunk.js.map":"89f17d516c80d6837dd1dfa0529cd1c887fad3fa5e580b52fece6df25ef059f3","/static/js/555.d3890486.chunk.js":"c90f51315994d8be8b699c934c22cf87b8956b4c5cd40a58a7b215bdde9c2940","/static/js/484.533bb5d5.chunk.js.map":"273d5106cbb06cf78f7734dd3f42e8d96f594f9ff874b8321c240733ca3b06f0","/static/js/484.533bb5d5.chunk.js":"0926d295c3b97b1f5c5aeb3be076c14ba81f8227577439bf090b594ad9801b75","/static/media/GraphikBold.e78d3d4f87bc060c0a1a.otf":"a73f647e86efa3391fc2555cacafa0bfb8bd8d83a786eb2b7ef48365c783277d","/static/js/360.0a2e0e9a.chunk.js":"f0321ca368213b6c7eedc37a700914a85cc0abe237437bef1cdbc531a52376d3","/static/js/331.9704e6c5.chunk.js":"c0e474ef07673ac7e5a04fc682a5571487017a79c2820ae2a5029185e120ebba","/static/js/331.9704e6c5.chunk.js.map":"f1cb00b74e807410ecd0e0a97ccdb43a6659fc1858010d4b66814ebc2146de18","/static/js/360.0a2e0e9a.chunk.js.map":"c421053f247fd358ba7905a3122bf200339b0aa073010ff294a3971f7b7a3537","/static/js/695.4918891d.chunk.js":"c3e5834498b1862e1cdb44d42d591f044a842cdb380c640d2146068374778369","/static/js/285.c8afab42.chunk.js.map":"2e3746c4fa3de7c8b2055dff3184bc9210c689e2263a80eb754ebb4e7d3ca3a1","/static/js/285.c8afab42.chunk.js":"c3533b25137d6067709e19e4f034d8f01c866284143a45a3a2f4045e97263aea","/static/js/28.1b7536a9.chunk.js.map":"26b79093f95c8b722b94d9fa0f91358d78d7ebf0de00ac6d47d3f15dd5088086","/static/media/GeorgiaRegular.7eb0e3cec9d41a50efd7.ttf":"a6cddcb4923fbc2b4f80d1f25f715c38c96294b8a36f6d0ae54526537094bcdc","/static/js/28.1b7536a9.chunk.js":"a5803424fe2507802f182075afcdb4cb28d24842e8f802dbe9149d0fe40c98d6","/static/js/229.61d4a33e.chunk.js":"2be1f2fe3589864009fbc486de8f23a8f44a5cc3da0586e97c90f6639084dd2a","/static/js/229.61d4a33e.chunk.js.map":"ad0b788873022eee253cd070970d4d94feba74b472ed96915f393c278fb3bfe3","/static/js/695.4918891d.chunk.js.map":"6a0f74f32c1f157f1a6f9aeac925c6e74438c7bcd52ba5b8401b7dce6bb11fce","/static/js/451.e7f72b3e.chunk.js":"f5a9e864600d1b471861c4ec939ec031779f0fd6e8bbeeb27114f54d5e200b4d","/static/js/451.e7f72b3e.chunk.js.map":"cb0b86c9ecd5c2a8117ac737725fecf6c226fe11a011d687579c5f327d185aed","/static/js/226.4147362d.chunk.js":"3c740bb0f04a4d353348f661cdd0793dc9a6aafd372b579d3b08e4d242727a31","/static/js/207.b2f01aeb.chunk.js.map":"2fe37a9441ebf11335c9dbce2897b21b374ccaf5302cae0392536218f8be79e7","/static/js/207.b2f01aeb.chunk.js":"7572e6ebb58dcc6ac6623ddf98068e1d63303415f9da8f9ad7ec56742f9ee63a","/static/css/main.405b999a.css":"385be4bc82faf455f35f8d9df8fa57758cbaa45f4cd45be75f472109fa21f931","/static/css/main.405b999a.css.map":"e7456a8317e4a97e1cb05c9a52e4a1fffda5bb96539ef108666b56a2e5344cad","/static/js/226.4147362d.chunk.js.map":"d4f89b0cff599247e43581667fa55ff03931521323e129071278d36af87c4c09","/splashscreens/iphonexr_splash.png":"e533a8afb8eb6d737fe64a52707c67aa45cd00fee634f415d1cb19c967e51043","/splashscreens/iphonexsmax_splash.png":"b459edeac39aa58c02317b09e0e0a1cb955418258023480c5cf6e347de6073b7","/splashscreens/iphone6_splash.png":"2165e401fccfce0ebc8f865edf084b7b225cdf929a34bfb096b19b0f143deac3","/static/media/landTowerLogoBlack.5f8e3c9e7fdb55acb46c9232dfb7445f.svg":"e62016f223968d642646ec97bbdd47516965ff668bfbd43d120b908ae3971467","/splashscreens/iphone5_splash.png":"774c23e8b6e1bf07dba44886db76ab01743fc927829ed1ee64a301ef039dc6f0","/splashscreens/iphonex_splash.png":"4745ce939bebe93c376fb0de15f9436c4ee0731e0f860a5769d2bd690fb03e18","/splashscreens/ipadpro3_splash.png":"f50a7e04cf76bea2c2ed174396f4545a90e982ce9ec046b5aaf51fda6c62c8a3","/splashscreens/ipad_splash.png":"9fa34063145348348df9e253cc533528e942b460781e40d9a5dfd1e925b9d12d","/splashscreens/iphoneplus_splash.png":"5ffb55efb502cd68bbe5b043bad8852353b77fb23af1b8f358a06f88097cbed7","/splashscreens/ipadpro1_splash.png":"fadb61ca9afdef5085139c4be46c6b537bd449f80d5433d1897fbba203d439e4","/splashscreens/ipadpro2_splash.png":"8d65debd12a72690106033934de1874d1ba86da73c65700e020f342110dad4f5","/icon/landtowerlimited-icon-maskable-192x192.png":"6c4c62cf05a69877ce622237b638edd5bbe9474648d68ca2c520256830211604","/icon/landtowerlimited-icon-512x512.png":"6c4c62cf05a69877ce622237b638edd5bbe9474648d68ca2c520256830211604","/icon/landtowerlimited-icon-256x256.png":"6c4c62cf05a69877ce622237b638edd5bbe9474648d68ca2c520256830211604","/icon/landtowerlimited-icon-384x384.png":"6c4c62cf05a69877ce622237b638edd5bbe9474648d68ca2c520256830211604","/icon/landtowerlimited-icon-192x192.png":"6c4c62cf05a69877ce622237b638edd5bbe9474648d68ca2c520256830211604","/static/media/ltl-team-Ayinla-Quadri.f9a3714d5d7fcdf74201.jpg":"fc655519c81b6c4a2ebb6782dce2dc8a3070f70076e67cdf8bb62401038daa4f","/static/media/ltl-slide4-gallery-image-3.6afd4b39ab2886725c7a.png":"94f5722f646992f96d2194d7c7c591f8a50b30c5a5fa33e0badcab480eb4f85d","/static/js/main.44b56801.js.map":"63588203a158ab527e34fe784c9c0694686ce96fe4f310ad4f8a1f73577c025a","/static/media/ltl-slide4-gallery-image-1.540c4628a65021c6cfc4.png":"18a956a18132da5d1d77d548effadeb912811f9e1310ebe23271725b47703e62","/static/js/49.44098e8e.chunk.js":"0494c0e8089491682c813adc1c2f46051cba27bc17a82cd6afdc2e0da5d5e8fb","/static/media/ltl-slide4-gallery-image-2.4bd647228d0749ed16dc.png":"cbe7939b1ec81d86a9b4d75f20d1a17e5eddfea73bd73e4d497d1f26ea672715","/static/js/49.44098e8e.chunk.js.map":"78b935232ff7596aa5caa55e3669f7385b9cd154a5d8b7d71b197167b5665243","/static/media/ltl-team-Christopher-Nwankwo.c6d4e8aedcee0aa6ce9c.png":"18be93130d860e002894950d06a0473349cbafcaddd63206ed803b1af8b75364","/static/media/ltl-team-Obiora-Nworji.d6761c68c3f581018bc4.png":"1b7358e907231fae636fb6ed44d65e06b16de68afe25a2e88477f5ee4c36aa85","/static/media/ltl-team-Oluwaseun-Adeyemi-Sekoni.7553d220423a47fb0b05.png":"a4cb90f4202924308be1c44c79cafe6971790661ebab111919c807d5e1e879c8","/static/media/ltl-team-Sunday-Emeagwai.eb8683957ecfe491d95b.png":"b21fef96661c129e54a34d2b9347d9b55a988d417aa2a3618ac19cf2d1b49872","/static/media/ltl-team-Udenka-Chukwuemeka.56ad6a2d02e8b10516ce.png":"86265938c53fc0f53958230753cb530ae471893ff39c8d2fb9d475e9ac7b3270","/static/media/ltl-team-Rasaq-Olaniyi-Isiaq.72e22b506babb463fda0.png":"d8a10b0f0c597685e0bcbcf0eb8aae42e1711935f577d7c656239a132ac148fd","/static/media/ltl-team-Chukwudubem-Okechukwu.d3f7856469cab7ca16e9.png":"8d5f3ecdc4fa2a28cbbf5ce66f495237f3cbcc10f02db05abaf3d3dc42480a55","/static/media/ltl-team-Munachim-Nweke.1e58c6a801daed10f8bf.png":"12f515c500f1d3064fb58f921666cbb75296c1ea96146ca84da00e3fc5277678","/static/media/ltl-team-Nzeakor-Ifeanyichukwu.636d2d21bf08207dd401.png":"7ba476ffba6a2f7ba15e755bdfd94a54a2f071da3ad72bf8683c388822e140e5","/static/media/ltl-team-Ifeanyi-Clement-Nweke.bb25ad08fc565b07f187.png":"78bf3ff63dca18853a3bfc95c79d5b981e5f6a21d98afbc27165543d05ae115d","/static/media/ltl-team-Kingsley-Nwaokobia.6520c029a34d8d0ef6a8.png":"37764f9252712232cd27164387b3ec144c11a26c80a168f151c430539223f59c","/static/media/ltl-about-us-page-Image4.6e99f6861e19e6f74026.jpg":"407916934b64b8533dda604f7e739fbf3545519653651c415ba6322571c073af","/static/media/ltl-about-us-page-Image1.25666ad4d3f6e911028a.jpg":"4fb1c5a5b528759f3d8ca51748034014964b054cccdc7dc5c782f03c267f9e60","/static/media/ltl-about-us-page-Image2.1c3dff4faf476ee7e511.jpg":"6b2af74e8e4c187afad23ebf9a902e669d7d5aa46f4a7394d0dc70c12ede9e70","/static/media/ltl-about-us-page-Image3.6a3c4a68b6b47a0f9d98.jpg":"7ddf65aba4e0abc76adb9e07254d496d4b17cf607f682538ecb210e026d7ee3a"}}
[debug] [2025-07-16T08:09:26.846Z] <<< [apiv2][status] POST https://firebasehosting.googleapis.com/v1beta1/projects/1080457923131/sites/landtowerlimited/versions/088b2f159ff212f9:populateFiles 200
[debug] [2025-07-16T08:09:26.846Z] <<< [apiv2][body] POST https://firebasehosting.googleapis.com/v1beta1/projects/1080457923131/sites/landtowerlimited/versions/088b2f159ff212f9:populateFiles {"uploadRequiredHashes":["4bf9489aeb315d16408b9d3c227d4799298d06b5e092bc55a7248c1813eb71ff","cb0b86c9ecd5c2a8117ac737725fecf6c226fe11a011d687579c5f327d185aed","f5a9e864600d1b471861c4ec939ec031779f0fd6e8bbeeb27114f54d5e200b4d","407916934b64b8533dda604f7e739fbf3545519653651c415ba6322571c073af","4fb1c5a5b528759f3d8ca51748034014964b054cccdc7dc5c782f03c267f9e60","db1d22716779ae004acdc7b3e10af1f1ad99310d2c8d6268da19fee3217b8aa8","b0a5d404048d03eec73fd99d60336ba498fa7b105d7984c6914b78042fc4a8c1","27075924c0e7cceff7b2cb9538903c5dbed3dbb8224eb55de87454213316f6c6","6a0f74f32c1f157f1a6f9aeac925c6e74438c7bcd52ba5b8401b7dce6bb11fce","82a181beeec938980c692934c779cbb77b430c6e97effc9dc286e3fbfb586257","c3e5834498b1862e1cdb44d42d591f044a842cdb380c640d2146068374778369","63588203a158ab527e34fe784c9c0694686ce96fe4f310ad4f8a1f73577c025a","c421053f247fd358ba7905a3122bf200339b0aa073010ff294a3971f7b7a3537","32f8ddf0fb1608becbc22d936591c308b279dd0ce9bb525d9a53c375f66d411d","f0321ca368213b6c7eedc37a700914a85cc0abe237437bef1cdbc531a52376d3"],"uploadUrl":"https://upload-firebasehosting.googleapis.com/upload/sites/landtowerlimited/versions/088b2f159ff212f9/files"}
[debug] [2025-07-16T08:09:26.846Z] Checked if tokens are valid: true, expires at: 1752656897902
[debug] [2025-07-16T08:09:26.846Z] Checked if tokens are valid: true, expires at: 1752656897902
[debug] [2025-07-16T08:09:26.847Z] Checked if tokens are valid: true, expires at: 1752656897902
[debug] [2025-07-16T08:09:26.847Z] Checked if tokens are valid: true, expires at: 1752656897902
[debug] [2025-07-16T08:09:26.847Z] Checked if tokens are valid: true, expires at: 1752656897902
[debug] [2025-07-16T08:09:26.847Z] Checked if tokens are valid: true, expires at: 1752656897902
[debug] [2025-07-16T08:09:26.847Z] Checked if tokens are valid: true, expires at: 1752656897902
[debug] [2025-07-16T08:09:26.847Z] Checked if tokens are valid: true, expires at: 1752656897902
[debug] [2025-07-16T08:09:26.847Z] Checked if tokens are valid: true, expires at: 1752656897902
[debug] [2025-07-16T08:09:26.847Z] Checked if tokens are valid: true, expires at: 1752656897902
[debug] [2025-07-16T08:09:26.851Z] Checked if tokens are valid: true, expires at: 1752656897902
[debug] [2025-07-16T08:09:26.851Z] Checked if tokens are valid: true, expires at: 1752656897902
[debug] [2025-07-16T08:09:26.851Z] Checked if tokens are valid: true, expires at: 1752656897902
[debug] [2025-07-16T08:09:26.851Z] Checked if tokens are valid: true, expires at: 1752656897902
[debug] [2025-07-16T08:09:26.852Z] Checked if tokens are valid: true, expires at: 1752656897902
[debug] [2025-07-16T08:09:26.852Z] Checked if tokens are valid: true, expires at: 1752656897902
[debug] [2025-07-16T08:09:26.852Z] Checked if tokens are valid: true, expires at: 1752656897902
[debug] [2025-07-16T08:09:26.852Z] Checked if tokens are valid: true, expires at: 1752656897902
[debug] [2025-07-16T08:09:26.852Z] Checked if tokens are valid: true, expires at: 1752656897902
[debug] [2025-07-16T08:09:26.852Z] Checked if tokens are valid: true, expires at: 1752656897902
[debug] [2025-07-16T08:09:26.852Z] Checked if tokens are valid: true, expires at: 1752656897902
[debug] [2025-07-16T08:09:26.853Z] Checked if tokens are valid: true, expires at: 1752656897902
[debug] [2025-07-16T08:09:26.853Z] Checked if tokens are valid: true, expires at: 1752656897902
[debug] [2025-07-16T08:09:26.853Z] Checked if tokens are valid: true, expires at: 1752656897902
[debug] [2025-07-16T08:09:26.853Z] Checked if tokens are valid: true, expires at: 1752656897902
[debug] [2025-07-16T08:09:26.853Z] Checked if tokens are valid: true, expires at: 1752656897902
[debug] [2025-07-16T08:09:26.854Z] Checked if tokens are valid: true, expires at: 1752656897902
[debug] [2025-07-16T08:09:26.854Z] Checked if tokens are valid: true, expires at: 1752656897902
[debug] [2025-07-16T08:09:26.854Z] Checked if tokens are valid: true, expires at: 1752656897902
[debug] [2025-07-16T08:09:26.854Z] Checked if tokens are valid: true, expires at: 1752656897902
[debug] [2025-07-16T08:09:26.854Z] >>> [apiv2][query] POST https://upload-firebasehosting.googleapis.com/upload/sites/landtowerlimited/versions/088b2f159ff212f9/files/4bf9489aeb315d16408b9d3c227d4799298d06b5e092bc55a7248c1813eb71ff [none]
[debug] [2025-07-16T08:09:26.854Z] >>> [apiv2][body] POST https://upload-firebasehosting.googleapis.com/upload/sites/landtowerlimited/versions/088b2f159ff212f9/files/4bf9489aeb315d16408b9d3c227d4799298d06b5e092bc55a7248c1813eb71ff [stream]
[debug] [2025-07-16T08:09:26.856Z] >>> [apiv2][query] POST https://upload-firebasehosting.googleapis.com/upload/sites/landtowerlimited/versions/088b2f159ff212f9/files/cb0b86c9ecd5c2a8117ac737725fecf6c226fe11a011d687579c5f327d185aed [none]
[debug] [2025-07-16T08:09:26.856Z] >>> [apiv2][body] POST https://upload-firebasehosting.googleapis.com/upload/sites/landtowerlimited/versions/088b2f159ff212f9/files/cb0b86c9ecd5c2a8117ac737725fecf6c226fe11a011d687579c5f327d185aed [stream]
[debug] [2025-07-16T08:09:26.858Z] >>> [apiv2][query] POST https://upload-firebasehosting.googleapis.com/upload/sites/landtowerlimited/versions/088b2f159ff212f9/files/f5a9e864600d1b471861c4ec939ec031779f0fd6e8bbeeb27114f54d5e200b4d [none]
[debug] [2025-07-16T08:09:26.859Z] >>> [apiv2][body] POST https://upload-firebasehosting.googleapis.com/upload/sites/landtowerlimited/versions/088b2f159ff212f9/files/f5a9e864600d1b471861c4ec939ec031779f0fd6e8bbeeb27114f54d5e200b4d [stream]
[debug] [2025-07-16T08:09:26.867Z] >>> [apiv2][query] POST https://upload-firebasehosting.googleapis.com/upload/sites/landtowerlimited/versions/088b2f159ff212f9/files/407916934b64b8533dda604f7e739fbf3545519653651c415ba6322571c073af [none]
[debug] [2025-07-16T08:09:26.869Z] >>> [apiv2][body] POST https://upload-firebasehosting.googleapis.com/upload/sites/landtowerlimited/versions/088b2f159ff212f9/files/407916934b64b8533dda604f7e739fbf3545519653651c415ba6322571c073af [stream]
[debug] [2025-07-16T08:09:26.872Z] >>> [apiv2][query] POST https://upload-firebasehosting.googleapis.com/upload/sites/landtowerlimited/versions/088b2f159ff212f9/files/4fb1c5a5b528759f3d8ca51748034014964b054cccdc7dc5c782f03c267f9e60 [none]
[debug] [2025-07-16T08:09:26.872Z] >>> [apiv2][body] POST https://upload-firebasehosting.googleapis.com/upload/sites/landtowerlimited/versions/088b2f159ff212f9/files/4fb1c5a5b528759f3d8ca51748034014964b054cccdc7dc5c782f03c267f9e60 [stream]
[debug] [2025-07-16T08:09:26.878Z] >>> [apiv2][query] POST https://upload-firebasehosting.googleapis.com/upload/sites/landtowerlimited/versions/088b2f159ff212f9/files/db1d22716779ae004acdc7b3e10af1f1ad99310d2c8d6268da19fee3217b8aa8 [none]
[debug] [2025-07-16T08:09:26.878Z] >>> [apiv2][body] POST https://upload-firebasehosting.googleapis.com/upload/sites/landtowerlimited/versions/088b2f159ff212f9/files/db1d22716779ae004acdc7b3e10af1f1ad99310d2c8d6268da19fee3217b8aa8 [stream]
[debug] [2025-07-16T08:09:26.880Z] >>> [apiv2][query] POST https://upload-firebasehosting.googleapis.com/upload/sites/landtowerlimited/versions/088b2f159ff212f9/files/b0a5d404048d03eec73fd99d60336ba498fa7b105d7984c6914b78042fc4a8c1 [none]
[debug] [2025-07-16T08:09:26.880Z] >>> [apiv2][body] POST https://upload-firebasehosting.googleapis.com/upload/sites/landtowerlimited/versions/088b2f159ff212f9/files/b0a5d404048d03eec73fd99d60336ba498fa7b105d7984c6914b78042fc4a8c1 [stream]
[debug] [2025-07-16T08:09:26.883Z] >>> [apiv2][query] POST https://upload-firebasehosting.googleapis.com/upload/sites/landtowerlimited/versions/088b2f159ff212f9/files/27075924c0e7cceff7b2cb9538903c5dbed3dbb8224eb55de87454213316f6c6 [none]
[debug] [2025-07-16T08:09:26.884Z] >>> [apiv2][body] POST https://upload-firebasehosting.googleapis.com/upload/sites/landtowerlimited/versions/088b2f159ff212f9/files/27075924c0e7cceff7b2cb9538903c5dbed3dbb8224eb55de87454213316f6c6 [stream]
[debug] [2025-07-16T08:09:26.886Z] >>> [apiv2][query] POST https://upload-firebasehosting.googleapis.com/upload/sites/landtowerlimited/versions/088b2f159ff212f9/files/6a0f74f32c1f157f1a6f9aeac925c6e74438c7bcd52ba5b8401b7dce6bb11fce [none]
[debug] [2025-07-16T08:09:26.886Z] >>> [apiv2][body] POST https://upload-firebasehosting.googleapis.com/upload/sites/landtowerlimited/versions/088b2f159ff212f9/files/6a0f74f32c1f157f1a6f9aeac925c6e74438c7bcd52ba5b8401b7dce6bb11fce [stream]
[debug] [2025-07-16T08:09:26.887Z] >>> [apiv2][query] POST https://upload-firebasehosting.googleapis.com/upload/sites/landtowerlimited/versions/088b2f159ff212f9/files/82a181beeec938980c692934c779cbb77b430c6e97effc9dc286e3fbfb586257 [none]
[debug] [2025-07-16T08:09:26.887Z] >>> [apiv2][body] POST https://upload-firebasehosting.googleapis.com/upload/sites/landtowerlimited/versions/088b2f159ff212f9/files/82a181beeec938980c692934c779cbb77b430c6e97effc9dc286e3fbfb586257 [stream]
[debug] [2025-07-16T08:09:26.891Z] >>> [apiv2][query] POST https://upload-firebasehosting.googleapis.com/upload/sites/landtowerlimited/versions/088b2f159ff212f9/files/c3e5834498b1862e1cdb44d42d591f044a842cdb380c640d2146068374778369 [none]
[debug] [2025-07-16T08:09:26.891Z] >>> [apiv2][body] POST https://upload-firebasehosting.googleapis.com/upload/sites/landtowerlimited/versions/088b2f159ff212f9/files/c3e5834498b1862e1cdb44d42d591f044a842cdb380c640d2146068374778369 [stream]
[debug] [2025-07-16T08:09:26.893Z] >>> [apiv2][query] POST https://upload-firebasehosting.googleapis.com/upload/sites/landtowerlimited/versions/088b2f159ff212f9/files/63588203a158ab527e34fe784c9c0694686ce96fe4f310ad4f8a1f73577c025a [none]
[debug] [2025-07-16T08:09:26.893Z] >>> [apiv2][body] POST https://upload-firebasehosting.googleapis.com/upload/sites/landtowerlimited/versions/088b2f159ff212f9/files/63588203a158ab527e34fe784c9c0694686ce96fe4f310ad4f8a1f73577c025a [stream]
[debug] [2025-07-16T08:09:26.894Z] >>> [apiv2][query] POST https://upload-firebasehosting.googleapis.com/upload/sites/landtowerlimited/versions/088b2f159ff212f9/files/c421053f247fd358ba7905a3122bf200339b0aa073010ff294a3971f7b7a3537 [none]
[debug] [2025-07-16T08:09:26.895Z] >>> [apiv2][body] POST https://upload-firebasehosting.googleapis.com/upload/sites/landtowerlimited/versions/088b2f159ff212f9/files/c421053f247fd358ba7905a3122bf200339b0aa073010ff294a3971f7b7a3537 [stream]
[debug] [2025-07-16T08:09:26.896Z] >>> [apiv2][query] POST https://upload-firebasehosting.googleapis.com/upload/sites/landtowerlimited/versions/088b2f159ff212f9/files/32f8ddf0fb1608becbc22d936591c308b279dd0ce9bb525d9a53c375f66d411d [none]
[debug] [2025-07-16T08:09:26.896Z] >>> [apiv2][body] POST https://upload-firebasehosting.googleapis.com/upload/sites/landtowerlimited/versions/088b2f159ff212f9/files/32f8ddf0fb1608becbc22d936591c308b279dd0ce9bb525d9a53c375f66d411d [stream]
[debug] [2025-07-16T08:09:26.897Z] >>> [apiv2][query] POST https://upload-firebasehosting.googleapis.com/upload/sites/landtowerlimited/versions/088b2f159ff212f9/files/f0321ca368213b6c7eedc37a700914a85cc0abe237437bef1cdbc531a52376d3 [none]
[debug] [2025-07-16T08:09:26.897Z] >>> [apiv2][body] POST https://upload-firebasehosting.googleapis.com/upload/sites/landtowerlimited/versions/088b2f159ff212f9/files/f0321ca368213b6c7eedc37a700914a85cc0abe237437bef1cdbc531a52376d3 [stream]
[debug] [2025-07-16T08:09:26.898Z] [hosting][populate queue][FINAL] {"max":1254,"min":1254,"avg":1254,"active":0,"complete":1,"success":1,"errored":0,"retried":0,"total":1,"elapsed":1298}
[debug] [2025-07-16T08:09:26.899Z] [hosting] uploads queued: 15
[debug] [2025-07-16T08:12:47.824Z] ----------------------------------------------------------------------
[debug] [2025-07-16T08:12:47.828Z] Command:       /usr/local/Cellar/node/23.11.0/bin/node /Users/frenzynwoba/.npm-global/bin/firebase deploy
[debug] [2025-07-16T08:12:47.829Z] CLI Version:   13.29.3
[debug] [2025-07-16T08:12:47.832Z] Platform:      darwin
[debug] [2025-07-16T08:12:47.832Z] Node Version:  v23.11.0
[debug] [2025-07-16T08:12:47.832Z] Time:          Wed Jul 16 2025 09:12:47 GMT+0100 (West Africa Standard Time)
[debug] [2025-07-16T08:12:47.832Z] ----------------------------------------------------------------------
[debug] 
[debug] [2025-07-16T08:12:48.178Z] > command requires scopes: ["email","openid","https://www.googleapis.com/auth/cloudplatformprojects.readonly","https://www.googleapis.com/auth/firebase","https://www.googleapis.com/auth/cloud-platform"]
[debug] [2025-07-16T08:12:48.179Z] > authorizing via signed-in user (landtower.ltd@gmail.com)
[debug] [2025-07-16T08:12:48.179Z] [iam] checking project landtowerlimited for permissions ["firebase.projects.get","firebasehosting.sites.update"]
[debug] [2025-07-16T08:12:48.181Z] Checked if tokens are valid: true, expires at: 1752656897902
[debug] [2025-07-16T08:12:48.181Z] Checked if tokens are valid: true, expires at: 1752656897902
[debug] [2025-07-16T08:12:48.182Z] >>> [apiv2][query] POST https://cloudresourcemanager.googleapis.com/v1/projects/landtowerlimited:testIamPermissions [none]
[debug] [2025-07-16T08:12:48.182Z] >>> [apiv2][(partial)header] POST https://cloudresourcemanager.googleapis.com/v1/projects/landtowerlimited:testIamPermissions x-goog-quota-user=projects/landtowerlimited
[debug] [2025-07-16T08:12:48.182Z] >>> [apiv2][body] POST https://cloudresourcemanager.googleapis.com/v1/projects/landtowerlimited:testIamPermissions {"permissions":["firebase.projects.get","firebasehosting.sites.update"]}
[debug] [2025-07-16T08:12:49.320Z] <<< [apiv2][status] POST https://cloudresourcemanager.googleapis.com/v1/projects/landtowerlimited:testIamPermissions 200
[debug] [2025-07-16T08:12:49.321Z] <<< [apiv2][body] POST https://cloudresourcemanager.googleapis.com/v1/projects/landtowerlimited:testIamPermissions {"permissions":["firebase.projects.get","firebasehosting.sites.update"]}
[debug] [2025-07-16T08:12:49.322Z] Checked if tokens are valid: true, expires at: 1752656897902
[debug] [2025-07-16T08:12:49.322Z] Checked if tokens are valid: true, expires at: 1752656897902
[debug] [2025-07-16T08:12:49.323Z] >>> [apiv2][query] GET https://firebase.googleapis.com/v1beta1/projects/landtowerlimited [none]
[debug] [2025-07-16T08:12:50.159Z] <<< [apiv2][status] GET https://firebase.googleapis.com/v1beta1/projects/landtowerlimited 200
[debug] [2025-07-16T08:12:50.160Z] <<< [apiv2][body] GET https://firebase.googleapis.com/v1beta1/projects/landtowerlimited {"projectId":"landtowerlimited","projectNumber":"1080457923131","displayName":"LandTowerLimited","name":"projects/landtowerlimited","resources":{"hostingSite":"landtowerlimited"},"state":"ACTIVE","etag":"1_a8521e80-b510-43e2-9992-48078d139a49"}
[info] 
[info] === Deploying to 'landtowerlimited'...
[info] 
[info] i  deploying hosting 
[debug] [2025-07-16T08:12:50.166Z] Checked if tokens are valid: true, expires at: 1752656897902
[debug] [2025-07-16T08:12:50.166Z] Checked if tokens are valid: true, expires at: 1752656897902
[debug] [2025-07-16T08:12:50.166Z] >>> [apiv2][query] POST https://firebasehosting.googleapis.com/v1beta1/projects/-/sites/landtowerlimited/versions [none]
[debug] [2025-07-16T08:12:50.166Z] >>> [apiv2][body] POST https://firebasehosting.googleapis.com/v1beta1/projects/-/sites/landtowerlimited/versions {"status":"CREATED","labels":{"deployment-tool":"cli-firebase"}}
[debug] [2025-07-16T08:12:52.298Z] <<< [apiv2][status] POST https://firebasehosting.googleapis.com/v1beta1/projects/-/sites/landtowerlimited/versions 200
[debug] [2025-07-16T08:12:52.299Z] <<< [apiv2][body] POST https://firebasehosting.googleapis.com/v1beta1/projects/-/sites/landtowerlimited/versions {"name":"projects/1080457923131/sites/landtowerlimited/versions/9bb25061a6349dba","status":"CREATED","config":{},"labels":{"deployment-tool":"cli-firebase"}}
[info] i  hosting[landtowerlimited]: beginning deploy... 
[info] i  hosting[landtowerlimited]: found 131 files in build 
[debug] [2025-07-16T08:12:52.347Z] [hosting] uploading with 200 concurrency
[debug] [2025-07-16T08:12:53.498Z] Checked if tokens are valid: true, expires at: 1752656897902
[debug] [2025-07-16T08:12:53.498Z] Checked if tokens are valid: true, expires at: 1752656897902
[debug] [2025-07-16T08:12:53.499Z] [hosting] hash cache [YnVpbGQ] stored for 131 files
[debug] [2025-07-16T08:12:53.499Z] [hosting][hash queue][FINAL] {"max":1114,"min":65,"avg":264.8320610687023,"active":0,"complete":131,"success":131,"errored":0,"retried":0,"total":131,"elapsed":1141}
[debug] [2025-07-16T08:12:53.500Z] >>> [apiv2][query] POST https://firebasehosting.googleapis.com/v1beta1/projects/1080457923131/sites/landtowerlimited/versions/9bb25061a6349dba:populateFiles [none]
[debug] [2025-07-16T08:12:53.500Z] >>> [apiv2][body] POST https://firebasehosting.googleapis.com/v1beta1/projects/1080457923131/sites/landtowerlimited/versions/9bb25061a6349dba:populateFiles {"files":{"/robots.txt":"f2ceabc6a5af9195f57fba6395bc78d5b6e067f1a5d83100f3cdbb8b73abb0bd","/manifest.json":"d8c2153089637cab8b3b5ebabeb96714002ce6ecee544fbe26b94cc38169f324","/asset-manifest.json":"32f8ddf0fb1608becbc22d936591c308b279dd0ce9bb525d9a53c375f66d411d","/static/media/twitterIcon.dbbf881993449754b62739fafbfd2684.svg":"5bda9d237f4d1e76772d924578e0a7b9114af63f576d688ab2070f7b29d70d99","/index.html":"b0a5d404048d03eec73fd99d60336ba498fa7b105d7984c6914b78042fc4a8c1","/static/media/timeIcon.682b7b6f7790dec5f66bec00ec14031d.svg":"95427be18e3b30e0d503c57cb9f1602a919cd51a91a569e5ef03119e221a450d","/static/media/strength-icon.279e50da06b2fb9bab7409cc7d6b2928.svg":"a276b195637327f88e00419c48b8dfe08cb47329301f32111f8bfaf7c60118bd","/static/media/previousIcon.697b46d1b47a10190ef002d6b18c2492.svg":"38ff77a7a75ef222ab4afa6c0a449918834739b30b86791664394cedeaef0ae4","/service-worker.js.LICENSE.txt":"5bcf7ad56e14554ea655f13f3a79ddf6fb23a153bf6028e5bfea9a7a6cd9154d","/static/media/skyscrapperIcon.33804a8377547c41441f3aefef6e625c.svg":"e84f50ea46d80506a65fdc8ffb9064e09137faab904d0f119bb02241b106207c","/static/media/nextIcon.fbf4f82ddaca5e92403924f6a28f1050.svg":"661b867172572fccc3af2098560ab18be6c9bbcc944df23ef155ff9134036432","/static/media/mobilePhoneIconBlack.c06bddcf6d68955a63d387d9a4c6bdd6.svg":"9c1cc2b482eeb26585b4c4d080ed9dc981e0556518112896d53af9f6e6a5dd79","/static/media/mobilePhoneIcon.80443ef2edb9acb56c95080aaa7fd390.svg":"02e6eaa67f5e2fa5abaab7f6c04e9a7dbe328fff1ff30d3219370300c594d2e1","/static/media/menuBar.4af7ee80fa2d1b21b1c3a76a713cb7c6.svg":"9678666c77601e634ef460b46aad6157565252323e3e7046d17bdcfeb1828ab1","/static/media/menuBarBlack.4453a2f3d240e3a576381cf2d8093023.svg":"ec4c00e37f42c3a55abf503215d755f9aa8f34053e9ed477715ac55a9f514246","/static/media/mapIcon.f04e76339b6f423a08ec1bf715c1153f.svg":"17de2c115ea9c3b6583e184549878b121a54e5ccf8de7d62c3ca6da29ba473a8","/static/media/wichtechRoofing.d3b7760fd70b76fae6c5.png":"38a72d32790a52b89fb51e6ef7e70d32b7089c3c5dc54fd6781ce0ffa0d7ee05","/static/media/phoneOfficeIcon.5f709a93766b57ceb26ade6bd61a22cf.svg":"486db2b5c3d9fa20c9f0e19fbac81d079d8357a411dd588b77378e9713eeac1a","/favicon.ico":"f53fbbeb5172b6f33b6f0beb7bdb0d3c4029362b62da00a6be98daf2dd1d60c7","/static/media/loadingIcon.ce578fdb62b0564b11613b13d1c49531.svg":"d8f15e9e04c293104a8c1fb92f144adeccaeb8f0ad7bcd20a0fafde0073d83f5","/static/media/linkedinIcon.0d3e3359e0b1f40646aa4fe05ffeaf66.svg":"234ff4fa00c1c480d2637b76c437d31f02bb065fd55b1c44793ec054240e5c27","/static/media/locationIcon.36ba5e3f341265515999941c0aca3aa3.svg":"466ba53ac6d8a23bfd4c7adc02742df19959f64caa8147710969ade07cfab16d","/static/media/transparency-icon.9a41b7a643045850f08f62b2c9838a97.svg":"70816a2b9619ea7102a778bb73d84397aa6f3281491bdd79f597594be15c2176","/service-worker.js":"4bf9489aeb315d16408b9d3c227d4799298d06b5e092bc55a7248c1813eb71ff","/static/media/landTowerLogo.1170d758f56b44efced17cee7fcb31b1.svg":"e672895db50b625a6f88dd61e1c0deeca75e5e6c60676f12090cebb67de073f0","/static/media/housePlanIcon.0e70c3653f9d9aa1d556ec5f83cace59.svg":"4730b563425745ca995851cc91f05d23396b33aa1caf343169a35190bd9f1d60","/static/media/houseListingIcon.357620c636123debbf8805e2567fa0dd.svg":"d723e2c8c3effcfe47f38abaa0da1c2b62e32dcee4580d0adc5b39aaf3ceb6a9","/static/media/honesty-icon.6e410876ec25f97a9935d514508627db.svg":"969b85e99a272eb60c17c091053c6c46a602fcb59a4c7c99a838b7013e192c06","/static/media/facebookIcon.643a96584c0402dcfbdba90eb5733a83.svg":"2a6cd34590a1e72fa72772ca9378fa2d3fe19afdff7e95f33e329e712f7595c0","/static/media/dangote.406b7fed6634d80ffd0e.png":"86555f85585aeb5049f65e294102dfb740d0d424da6f8e979871405ebf788a79","/static/media/craneIconGold.1db36b3f8c34d3dfbf2f35ba67a425c8.svg":"4fcd61727f907bec00041b3cc2cc4f5311fe21c365149410197dd679b2ebcb53","/static/media/cancelIconBig.63096ef4de68056f3b1b266d97b353a6.svg":"42c9566d5a567d3c76452e2cbafae7cedcbe58e02a6f8dfbc3bb40a6d66e006f","/static/media/arrowRightWhite.abd712003861c680d44cd903519a604a.svg":"dba3af28dfe78826aaae00e6f5f6ab2ab94fdde559d895e6410c27c003981691","/static/media/cancelIcon.a86b19105d69c2b75b85e9dda61b79da.svg":"f58a42326390455e906e0ab274b9a393b30ea5e075b5b7bbb7bea1519a6fa726","/static/media/arrowRightBlack.2152337921ec0db575aeb2ff9abffdbf.svg":"1b129ac2a0f38cad6009dc0172e3268b903f689592e7724eb228f82bba2f232f","/static/media/instagramIcon.99ada32af4964a4faa34814d215f8b62.svg":"3efd643c64132641e554399a66eb07fbe48ffe8195b69abe000e37ed811731ce","/static/media/keyIcon.e0239dda541e7f6b27413adef5654894.svg":"42f32566cd3cc9b77cc5c724dbabcd41ff078ff0f82ed56d210b6f7728d1e550","/static/js/main.44b56801.js.LICENSE.txt":"2e0317bf47c29fb7d0485a53b66ae8cb58c98d0cbaf239efac64dd310dfdabda","/static/media/ltl-team-page-Image4.ccf1c53f383e1d8ebdaf.jpeg":"54a8602c0f5da1abdf406a312bc67e7e01af92a97b8cec2e93e3813aaf3b1dc8","/static/media/dulux.aa0b23dabf5429ba12de.png":"9a5451085174c74d8f257efb3e3e2a4765c1f259f45f46108e402590d66cb182","/static/media/TheFrenzyEmpire-Technology-Software-and-Technology-Development.b70a3c8ce03907ec8d19.png":"2158125f1111e08062e5bd2f4795d728a99a3f0868c3e11db2ab5597b8245aca","/static/media/ltl-team-page-Image3.d19c8e75cf7b3ed87087.jpeg":"7e954ef5d56aacc14eed72bc9185927fede1c7bda8c1da436d0dcb9356324ad3","/static/js/88.c315d4f7.chunk.js.map":"dfaeaa45c6c4e46265c94e14d290fd18b3a3e5bb0aa59b4c7d8619d643ffccb5","/static/media/GeorgiaBold.a5fad24f075c978ac04b.ttf":"4d3e423b6b9b2b0ab7aaa610ff3a8dbc64272dde6a0dda9e2a65a684bbfcc1ab","/service-worker.js.map":"ae734edd84183a50382b3957cfe7866633e3d92bef17bde5112eb913efbc7cc2","/static/js/88.c315d4f7.chunk.js":"4e3692fa4ce27cb80975a748d089e4c8d5434a36751480852bb43bc20728ff2a","/static/js/84.1569c378.chunk.js.map":"45bffcfa08d76b07b3455aa61e0407e229b823dc5ca934c69091686c13972f7f","/static/js/819.d3919156.chunk.js.map":"27075924c0e7cceff7b2cb9538903c5dbed3dbb8224eb55de87454213316f6c6","/static/js/819.d3919156.chunk.js":"db1d22716779ae004acdc7b3e10af1f1ad99310d2c8d6268da19fee3217b8aa8","/static/js/804.03d40c14.chunk.js.map":"c37bfa921913e779c6d0072795dd6a60056290c20d2ba51a460c0a651d3f6e6d","/static/js/804.03d40c14.chunk.js":"79f16e0e32a173dac25b775b2013b8c9a0eaf0603e4ab445ebe0b481bcdddcf8","/static/js/787.afac85a3.chunk.js.map":"a02f04512fd7d004c70303aa45c0a7d6907316de7ca101cb902fb1ab47011a42","/static/js/787.afac85a3.chunk.js":"75e8b4757a4cb5697948f562ccfd7e562e610d5a7aa1c81449228c2c6902c8a1","/static/js/754.a67a2dd9.chunk.js":"a26891eea19ef1faade6fd1315c7fc5f0aae70931752bc09456f9dca40e72216","/static/js/754.a67a2dd9.chunk.js.map":"b34bda2d1f4ae72eb954c27c6c62761cb69fd66e6f91b527f73c304ecea3d0f4","/static/media/ltl-team-page-Image1.c9d8a9e9d640218548f4.jpeg":"fd5e16e8e9c40b8ec5a2a46b86edad9a1186f11cdde68c275ff5171b0349afdb","/static/js/84.1569c378.chunk.js":"ac5594f8bc4a5365b9e7bd3bf03b20c83eeba8385c0374bdbcab244f035764fb","/static/media/GraphikRegular.329746577f94a4f1785e.otf":"26c47d4d2679589a7d5d3777ecad062269b02225326626ca8a805f0e18af20de","/static/media/GraphikLight.532fcbe7294b886ec93d.otf":"3aa4cb257cde0328c1372131ca9522365031d6dac1a3d448dbfd67811ee22f61","/static/js/691.aeafc810.chunk.js.map":"cd09424a17ab927c6e368b13abec4e1dbffa8a6b5f3b74dd81d33a662f626056","/static/media/ltl-team-page-Image2.b63b6d894f55dffe30e6.jpeg":"a11c6c4cfbb1f0f9022afea0ec50966ddf19106470eb6fa1650570c870e6e2ba","/static/media/GraphikBold.e78d3d4f87bc060c0a1a.otf":"a73f647e86efa3391fc2555cacafa0bfb8bd8d83a786eb2b7ef48365c783277d","/static/js/691.aeafc810.chunk.js":"afa284ab5a341efd1aa518d81541e2faf80a7137f2051f22a385331ddc31b1ab","/static/media/GraphikSemibold.7ef1e78abcb43e957eec.otf":"c9f8766fcdf99cf6c2f5ad4d7b2f92dc644cfc821ba66bfe800c74939ed2569d","/static/js/614.4a618317.chunk.js.map":"8e814b580d223118d5d3811bce11ffbbf623ee44264a85e0e2959036fdad4f0a","/static/media/GraphikMedium.f58d53eb72d7239d4ca8.otf":"b8840928908fcbbab95612755d2b42cd8d74af760f39fba805c7c4076b97b5cb","/static/js/614.4a618317.chunk.js":"7d8356c79f88b51ec3a5fed6350c482f5a05cd2aaf9637d472f3aa9e38893864","/static/js/main.44b56801.js":"82a181beeec938980c692934c779cbb77b430c6e97effc9dc286e3fbfb586257","/static/js/555.d3890486.chunk.js":"c90f51315994d8be8b699c934c22cf87b8956b4c5cd40a58a7b215bdde9c2940","/static/js/555.d3890486.chunk.js.map":"89f17d516c80d6837dd1dfa0529cd1c887fad3fa5e580b52fece6df25ef059f3","/static/js/484.533bb5d5.chunk.js.map":"273d5106cbb06cf78f7734dd3f42e8d96f594f9ff874b8321c240733ca3b06f0","/static/js/484.533bb5d5.chunk.js":"0926d295c3b97b1f5c5aeb3be076c14ba81f8227577439bf090b594ad9801b75","/static/js/360.0a2e0e9a.chunk.js.map":"c421053f247fd358ba7905a3122bf200339b0aa073010ff294a3971f7b7a3537","/static/js/331.9704e6c5.chunk.js.map":"f1cb00b74e807410ecd0e0a97ccdb43a6659fc1858010d4b66814ebc2146de18","/static/js/331.9704e6c5.chunk.js":"c0e474ef07673ac7e5a04fc682a5571487017a79c2820ae2a5029185e120ebba","/static/js/285.c8afab42.chunk.js.map":"2e3746c4fa3de7c8b2055dff3184bc9210c689e2263a80eb754ebb4e7d3ca3a1","/static/js/360.0a2e0e9a.chunk.js":"f0321ca368213b6c7eedc37a700914a85cc0abe237437bef1cdbc531a52376d3","/static/media/GeorgiaRegular.7eb0e3cec9d41a50efd7.ttf":"a6cddcb4923fbc2b4f80d1f25f715c38c96294b8a36f6d0ae54526537094bcdc","/static/js/285.c8afab42.chunk.js":"c3533b25137d6067709e19e4f034d8f01c866284143a45a3a2f4045e97263aea","/static/js/28.1b7536a9.chunk.js.map":"26b79093f95c8b722b94d9fa0f91358d78d7ebf0de00ac6d47d3f15dd5088086","/static/js/695.4918891d.chunk.js":"c3e5834498b1862e1cdb44d42d591f044a842cdb380c640d2146068374778369","/static/js/28.1b7536a9.chunk.js":"a5803424fe2507802f182075afcdb4cb28d24842e8f802dbe9149d0fe40c98d6","/static/js/229.61d4a33e.chunk.js.map":"ad0b788873022eee253cd070970d4d94feba74b472ed96915f393c278fb3bfe3","/static/js/229.61d4a33e.chunk.js":"2be1f2fe3589864009fbc486de8f23a8f44a5cc3da0586e97c90f6639084dd2a","/static/js/451.e7f72b3e.chunk.js.map":"cb0b86c9ecd5c2a8117ac737725fecf6c226fe11a011d687579c5f327d185aed","/static/js/451.e7f72b3e.chunk.js":"f5a9e864600d1b471861c4ec939ec031779f0fd6e8bbeeb27114f54d5e200b4d","/static/js/226.4147362d.chunk.js.map":"d4f89b0cff599247e43581667fa55ff03931521323e129071278d36af87c4c09","/static/js/695.4918891d.chunk.js.map":"6a0f74f32c1f157f1a6f9aeac925c6e74438c7bcd52ba5b8401b7dce6bb11fce","/static/js/207.b2f01aeb.chunk.js.map":"2fe37a9441ebf11335c9dbce2897b21b374ccaf5302cae0392536218f8be79e7","/static/js/207.b2f01aeb.chunk.js":"7572e6ebb58dcc6ac6623ddf98068e1d63303415f9da8f9ad7ec56742f9ee63a","/static/js/226.4147362d.chunk.js":"3c740bb0f04a4d353348f661cdd0793dc9a6aafd372b579d3b08e4d242727a31","/static/css/main.405b999a.css.map":"e7456a8317e4a97e1cb05c9a52e4a1fffda5bb96539ef108666b56a2e5344cad","/static/css/main.405b999a.css":"385be4bc82faf455f35f8d9df8fa57758cbaa45f4cd45be75f472109fa21f931","/splashscreens/iphonexr_splash.png":"e533a8afb8eb6d737fe64a52707c67aa45cd00fee634f415d1cb19c967e51043","/splashscreens/iphonex_splash.png":"4745ce939bebe93c376fb0de15f9436c4ee0731e0f860a5769d2bd690fb03e18","/splashscreens/iphonexsmax_splash.png":"b459edeac39aa58c02317b09e0e0a1cb955418258023480c5cf6e347de6073b7","/splashscreens/iphone5_splash.png":"774c23e8b6e1bf07dba44886db76ab01743fc927829ed1ee64a301ef039dc6f0","/splashscreens/iphone6_splash.png":"2165e401fccfce0ebc8f865edf084b7b225cdf929a34bfb096b19b0f143deac3","/static/media/landTowerLogoBlack.5f8e3c9e7fdb55acb46c9232dfb7445f.svg":"e62016f223968d642646ec97bbdd47516965ff668bfbd43d120b908ae3971467","/splashscreens/iphoneplus_splash.png":"5ffb55efb502cd68bbe5b043bad8852353b77fb23af1b8f358a06f88097cbed7","/splashscreens/ipadpro3_splash.png":"f50a7e04cf76bea2c2ed174396f4545a90e982ce9ec046b5aaf51fda6c62c8a3","/splashscreens/ipad_splash.png":"9fa34063145348348df9e253cc533528e942b460781e40d9a5dfd1e925b9d12d","/splashscreens/ipadpro1_splash.png":"fadb61ca9afdef5085139c4be46c6b537bd449f80d5433d1897fbba203d439e4","/splashscreens/ipadpro2_splash.png":"8d65debd12a72690106033934de1874d1ba86da73c65700e020f342110dad4f5","/icon/landtowerlimited-icon-maskable-192x192.png":"6c4c62cf05a69877ce622237b638edd5bbe9474648d68ca2c520256830211604","/icon/landtowerlimited-icon-512x512.png":"6c4c62cf05a69877ce622237b638edd5bbe9474648d68ca2c520256830211604","/icon/landtowerlimited-icon-256x256.png":"6c4c62cf05a69877ce622237b638edd5bbe9474648d68ca2c520256830211604","/icon/landtowerlimited-icon-384x384.png":"6c4c62cf05a69877ce622237b638edd5bbe9474648d68ca2c520256830211604","/icon/landtowerlimited-icon-192x192.png":"6c4c62cf05a69877ce622237b638edd5bbe9474648d68ca2c520256830211604","/static/js/49.44098e8e.chunk.js.map":"78b935232ff7596aa5caa55e3669f7385b9cd154a5d8b7d71b197167b5665243","/static/media/ltl-team-Ayinla-Quadri.f9a3714d5d7fcdf74201.jpg":"fc655519c81b6c4a2ebb6782dce2dc8a3070f70076e67cdf8bb62401038daa4f","/static/media/ltl-slide4-gallery-image-3.6afd4b39ab2886725c7a.png":"94f5722f646992f96d2194d7c7c591f8a50b30c5a5fa33e0badcab480eb4f85d","/static/media/ltl-slide4-gallery-image-2.4bd647228d0749ed16dc.png":"cbe7939b1ec81d86a9b4d75f20d1a17e5eddfea73bd73e4d497d1f26ea672715","/static/media/ltl-slide4-gallery-image-1.540c4628a65021c6cfc4.png":"18a956a18132da5d1d77d548effadeb912811f9e1310ebe23271725b47703e62","/static/js/main.44b56801.js.map":"63588203a158ab527e34fe784c9c0694686ce96fe4f310ad4f8a1f73577c025a","/static/js/49.44098e8e.chunk.js":"0494c0e8089491682c813adc1c2f46051cba27bc17a82cd6afdc2e0da5d5e8fb","/static/media/ltl-team-Obiora-Nworji.d6761c68c3f581018bc4.png":"1b7358e907231fae636fb6ed44d65e06b16de68afe25a2e88477f5ee4c36aa85","/static/media/ltl-team-Christopher-Nwankwo.c6d4e8aedcee0aa6ce9c.png":"18be93130d860e002894950d06a0473349cbafcaddd63206ed803b1af8b75364","/static/media/ltl-team-Rasaq-Olaniyi-Isiaq.72e22b506babb463fda0.png":"d8a10b0f0c597685e0bcbcf0eb8aae42e1711935f577d7c656239a132ac148fd","/static/media/ltl-team-Oluwaseun-Adeyemi-Sekoni.7553d220423a47fb0b05.png":"a4cb90f4202924308be1c44c79cafe6971790661ebab111919c807d5e1e879c8","/static/media/ltl-team-Sunday-Emeagwai.eb8683957ecfe491d95b.png":"b21fef96661c129e54a34d2b9347d9b55a988d417aa2a3618ac19cf2d1b49872","/static/media/ltl-team-Udenka-Chukwuemeka.56ad6a2d02e8b10516ce.png":"86265938c53fc0f53958230753cb530ae471893ff39c8d2fb9d475e9ac7b3270","/static/media/ltl-team-Munachim-Nweke.1e58c6a801daed10f8bf.png":"12f515c500f1d3064fb58f921666cbb75296c1ea96146ca84da00e3fc5277678","/static/media/ltl-team-Chukwudubem-Okechukwu.d3f7856469cab7ca16e9.png":"8d5f3ecdc4fa2a28cbbf5ce66f495237f3cbcc10f02db05abaf3d3dc42480a55","/static/media/ltl-team-Ifeanyi-Clement-Nweke.bb25ad08fc565b07f187.png":"78bf3ff63dca18853a3bfc95c79d5b981e5f6a21d98afbc27165543d05ae115d","/static/media/ltl-team-Nzeakor-Ifeanyichukwu.636d2d21bf08207dd401.png":"7ba476ffba6a2f7ba15e755bdfd94a54a2f071da3ad72bf8683c388822e140e5","/static/media/ltl-team-Kingsley-Nwaokobia.6520c029a34d8d0ef6a8.png":"37764f9252712232cd27164387b3ec144c11a26c80a168f151c430539223f59c","/static/media/ltl-about-us-page-Image4.6e99f6861e19e6f74026.jpg":"407916934b64b8533dda604f7e739fbf3545519653651c415ba6322571c073af","/static/media/ltl-about-us-page-Image1.25666ad4d3f6e911028a.jpg":"4fb1c5a5b528759f3d8ca51748034014964b054cccdc7dc5c782f03c267f9e60","/static/media/ltl-about-us-page-Image2.1c3dff4faf476ee7e511.jpg":"6b2af74e8e4c187afad23ebf9a902e669d7d5aa46f4a7394d0dc70c12ede9e70","/static/media/ltl-about-us-page-Image3.6a3c4a68b6b47a0f9d98.jpg":"7ddf65aba4e0abc76adb9e07254d496d4b17cf607f682538ecb210e026d7ee3a"}}
[debug] [2025-07-16T08:12:54.536Z] <<< [apiv2][status] POST https://firebasehosting.googleapis.com/v1beta1/projects/1080457923131/sites/landtowerlimited/versions/9bb25061a6349dba:populateFiles 200
[debug] [2025-07-16T08:12:54.537Z] <<< [apiv2][body] POST https://firebasehosting.googleapis.com/v1beta1/projects/1080457923131/sites/landtowerlimited/versions/9bb25061a6349dba:populateFiles {"uploadRequiredHashes":["4fb1c5a5b528759f3d8ca51748034014964b054cccdc7dc5c782f03c267f9e60"],"uploadUrl":"https://upload-firebasehosting.googleapis.com/upload/sites/landtowerlimited/versions/9bb25061a6349dba/files"}
[debug] [2025-07-16T08:12:54.537Z] Checked if tokens are valid: true, expires at: 1752656897902
[debug] [2025-07-16T08:12:54.537Z] Checked if tokens are valid: true, expires at: 1752656897902
[debug] [2025-07-16T08:12:54.538Z] >>> [apiv2][query] POST https://upload-firebasehosting.googleapis.com/upload/sites/landtowerlimited/versions/9bb25061a6349dba/files/4fb1c5a5b528759f3d8ca51748034014964b054cccdc7dc5c782f03c267f9e60 [none]
[debug] [2025-07-16T08:12:54.538Z] >>> [apiv2][body] POST https://upload-firebasehosting.googleapis.com/upload/sites/landtowerlimited/versions/9bb25061a6349dba/files/4fb1c5a5b528759f3d8ca51748034014964b054cccdc7dc5c782f03c267f9e60 [stream]
[debug] [2025-07-16T08:12:54.539Z] [hosting][populate queue][FINAL] {"max":1040,"min":1040,"avg":1040,"active":0,"complete":1,"success":1,"errored":0,"retried":0,"total":1,"elapsed":1041}
[debug] [2025-07-16T08:12:54.539Z] [hosting] uploads queued: 1
[debug] [2025-07-16T08:12:57.973Z] <<< [apiv2][status] POST https://upload-firebasehosting.googleapis.com/upload/sites/landtowerlimited/versions/9bb25061a6349dba/files/4fb1c5a5b528759f3d8ca51748034014964b054cccdc7dc5c782f03c267f9e60 200
[debug] [2025-07-16T08:12:57.973Z] <<< [apiv2][body] POST https://upload-firebasehosting.googleapis.com/upload/sites/landtowerlimited/versions/9bb25061a6349dba/files/4fb1c5a5b528759f3d8ca51748034014964b054cccdc7dc5c782f03c267f9e60 [stream]
[debug] [2025-07-16T08:12:57.973Z] [hosting][upload queue][FINAL] {"max":3436,"min":3436,"avg":3436,"active":0,"complete":1,"success":1,"errored":0,"retried":0,"total":1,"elapsed":3436}
[info]   hosting[landtowerlimited]: file upload complete 
[debug] [2025-07-16T08:12:57.974Z] [hosting] deploy completed after 5672ms
[debug] [2025-07-16T08:12:57.974Z] [
  {
    "config": {
      "public": "build",
      "ignore": [
        "firebase.json",
        "**/.*",
        "**/node_modules/**"
      ],
      "rewrites": [
        {
          "source": "**",
          "destination": "/index.html"
        }
      ],
      "headers": [
        {
          "source": "**/*.@(html|js|css)",
          "headers": [
            {
              "key": "Strict-Transport-Security",
              "value": "max-age=31536000; includeSubDomains; preload"
            }
          ]
        }
      ],
      "site": "landtowerlimited"
    },
    "version": "projects/1080457923131/sites/landtowerlimited/versions/9bb25061a6349dba"
  }
]
[info] i  hosting[landtowerlimited]: finalizing version... 
[debug] [2025-07-16T08:12:57.977Z] Checked if tokens are valid: true, expires at: 1752656897902
[debug] [2025-07-16T08:12:57.977Z] Checked if tokens are valid: true, expires at: 1752656897902
[debug] [2025-07-16T08:12:57.977Z] >>> [apiv2][query] PATCH https://firebasehosting.googleapis.com/v1beta1/projects/-/sites/landtowerlimited/versions/9bb25061a6349dba updateMask=status%2Cconfig
[debug] [2025-07-16T08:12:57.977Z] >>> [apiv2][body] PATCH https://firebasehosting.googleapis.com/v1beta1/projects/-/sites/landtowerlimited/versions/9bb25061a6349dba {"status":"FINALIZED","config":{"rewrites":[{"glob":"**","path":"/index.html"}],"headers":[{"glob":"**/*.@(html|js|css)","headers":{"Strict-Transport-Security":"max-age=31536000; includeSubDomains; preload"}}]}}
